[0.073s] Invoking command in '/home/topi/ws/build/walking_actor': AMENT_PREFIX_PATH=/home/topi/ws/install/ros_ign_gazebo:/home/topi/ws/install/ros_ign_bridge:${AMENT_PREFIX_PATH} CMAKE_PREFIX_PATH=/home/topi/ws/install/ros_ign_gazebo:/home/topi/ws/install/ros_ign_bridge:/opt/ros/humble /usr/bin/cmake /home/topi/ws/src/walking_actor -DCMAKE_INSTALL_PREFIX=/home/topi/ws/install/walking_actor
[0.151s] -- The C compiler identification is GNU 11.4.0
[0.223s] -- The CXX compiler identification is GNU 11.4.0
[0.232s] -- Detecting C compiler ABI info
[0.317s] -- Detecting C compiler ABI info - done
[0.335s] -- Check for working C compiler: /usr/bin/cc - skipped
[0.335s] -- Detecting C compile features
[0.336s] -- Detecting C compile features - done
[0.341s] -- Detecting CXX compiler ABI info
[0.439s] -- Detecting CXX compiler ABI info - done
[0.450s] -- Check for working CXX compiler: /usr/bin/c++ - skipped
[0.450s] -- Detecting CXX compile features
[0.451s] -- Detecting CXX compile features - done
[0.454s] -- Found ament_cmake: 1.3.5 (/opt/ros/humble/share/ament_cmake/cmake)
[0.675s] -- Found Python3: /usr/bin/python3.10 (found version "3.10.12") found components: Interpreter 
[0.876s] -- Configuring done
[0.879s] -- Generating done
[0.880s] -- Build files have been written to: /home/topi/ws/build/walking_actor
[0.885s] Invoked command in '/home/topi/ws/build/walking_actor' returned '0': AMENT_PREFIX_PATH=/home/topi/ws/install/ros_ign_gazebo:/home/topi/ws/install/ros_ign_bridge:${AMENT_PREFIX_PATH} CMAKE_PREFIX_PATH=/home/topi/ws/install/ros_ign_gazebo:/home/topi/ws/install/ros_ign_bridge:/opt/ros/humble /usr/bin/cmake /home/topi/ws/src/walking_actor -DCMAKE_INSTALL_PREFIX=/home/topi/ws/install/walking_actor
[0.887s] Invoking command in '/home/topi/ws/build/walking_actor': AMENT_PREFIX_PATH=/home/topi/ws/install/ros_ign_gazebo:/home/topi/ws/install/ros_ign_bridge:${AMENT_PREFIX_PATH} CMAKE_PREFIX_PATH=/home/topi/ws/install/ros_ign_gazebo:/home/topi/ws/install/ros_ign_bridge:/opt/ros/humble /usr/bin/cmake --build /home/topi/ws/build/walking_actor -- -j4 -l4
[0.937s] Invoked command in '/home/topi/ws/build/walking_actor' returned '0': AMENT_PREFIX_PATH=/home/topi/ws/install/ros_ign_gazebo:/home/topi/ws/install/ros_ign_bridge:${AMENT_PREFIX_PATH} CMAKE_PREFIX_PATH=/home/topi/ws/install/ros_ign_gazebo:/home/topi/ws/install/ros_ign_bridge:/opt/ros/humble /usr/bin/cmake --build /home/topi/ws/build/walking_actor -- -j4 -l4
[0.966s] Invoking command in '/home/topi/ws/build/walking_actor': AMENT_PREFIX_PATH=/home/topi/ws/install/ros_ign_gazebo:/home/topi/ws/install/ros_ign_bridge:${AMENT_PREFIX_PATH} CMAKE_PREFIX_PATH=/home/topi/ws/install/ros_ign_gazebo:/home/topi/ws/install/ros_ign_bridge:/opt/ros/humble /usr/bin/cmake --install /home/topi/ws/build/walking_actor
[0.975s] -- Install configuration: ""
[0.976s] -- Installing: /home/topi/ws/install/walking_actor/share/walking_actor/launch
[0.976s] -- Installing: /home/topi/ws/install/walking_actor/share/walking_actor/launch/cam_world.launch.py
[0.976s] -- Installing: /home/topi/ws/install/walking_actor/share/walking_actor/rviz
[0.976s] -- Installing: /home/topi/ws/install/walking_actor/share/walking_actor/rviz/camera.rviz
[0.977s] -- Installing: /home/topi/ws/install/walking_actor/share/ament_index/resource_index/package_run_dependencies/walking_actor
[0.977s] -- Installing: /home/topi/ws/install/walking_actor/share/ament_index/resource_index/parent_prefix_path/walking_actor
[0.977s] -- Installing: /home/topi/ws/install/walking_actor/share/walking_actor/environment/ament_prefix_path.sh
[0.977s] -- Installing: /home/topi/ws/install/walking_actor/share/walking_actor/environment/ament_prefix_path.dsv
[0.978s] -- Installing: /home/topi/ws/install/walking_actor/share/walking_actor/environment/path.sh
[0.978s] -- Installing: /home/topi/ws/install/walking_actor/share/walking_actor/environment/path.dsv
[0.978s] -- Installing: /home/topi/ws/install/walking_actor/share/walking_actor/local_setup.bash
[0.978s] -- Installing: /home/topi/ws/install/walking_actor/share/walking_actor/local_setup.sh
[0.978s] -- Installing: /home/topi/ws/install/walking_actor/share/walking_actor/local_setup.zsh
[0.979s] -- Installing: /home/topi/ws/install/walking_actor/share/walking_actor/local_setup.dsv
[0.979s] -- Installing: /home/topi/ws/install/walking_actor/share/walking_actor/package.dsv
[0.979s] -- Installing: /home/topi/ws/install/walking_actor/share/ament_index/resource_index/packages/walking_actor
[0.980s] -- Installing: /home/topi/ws/install/walking_actor/share/walking_actor/cmake/walking_actorConfig.cmake
[0.981s] -- Installing: /home/topi/ws/install/walking_actor/share/walking_actor/cmake/walking_actorConfig-version.cmake
[0.982s] -- Installing: /home/topi/ws/install/walking_actor/share/walking_actor/package.xml
[0.984s] Invoked command in '/home/topi/ws/build/walking_actor' returned '0': AMENT_PREFIX_PATH=/home/topi/ws/install/ros_ign_gazebo:/home/topi/ws/install/ros_ign_bridge:${AMENT_PREFIX_PATH} CMAKE_PREFIX_PATH=/home/topi/ws/install/ros_ign_gazebo:/home/topi/ws/install/ros_ign_bridge:/opt/ros/humble /usr/bin/cmake --install /home/topi/ws/build/walking_actor
