[0.341s] Invoking command in '/home/topi/ws/build/ros_ign_bridge': CMAKE_PREFIX_PATH=${CMAKE_PREFIX_PATH}:/opt/ros/humble /usr/bin/cmake --build /home/topi/ws/build/ros_ign_bridge -- -j4 -l4
[0.407s] [35m[1mConsolidate compiler generated dependencies of target static_bridge[0m
[0.411s] [35m[1mConsolidate compiler generated dependencies of target parameter_bridge[0m
[0.432s] [ 50%] Built target static_bridge
[0.439s] [100%] Built target parameter_bridge
[0.458s] Invoked command in '/home/topi/ws/build/ros_ign_bridge' returned '0': CMAKE_PREFIX_PATH=${CMAKE_PREFIX_PATH}:/opt/ros/humble /usr/bin/cmake --build /home/topi/ws/build/ros_ign_bridge -- -j4 -l4
[0.515s] Invoking command in '/home/topi/ws/build/ros_ign_bridge': CMAKE_PREFIX_PATH=${CMAKE_PREFIX_PATH}:/opt/ros/humble /usr/bin/cmake --install /home/topi/ws/build/ros_ign_bridge
[0.528s] -- Install configuration: ""
[0.529s] -- Up-to-date: /home/topi/ws/install/ros_ign_bridge/lib/ros_ign_bridge/parameter_bridge
[0.531s] -- Up-to-date: /home/topi/ws/install/ros_ign_bridge/lib/ros_ign_bridge/static_bridge
[0.532s] -- Up-to-date: /home/topi/ws/install/ros_ign_bridge/share/ament_index/resource_index/package_run_dependencies/ros_ign_bridge
[0.534s] -- Up-to-date: /home/topi/ws/install/ros_ign_bridge/share/ament_index/resource_index/parent_prefix_path/ros_ign_bridge
[0.535s] -- Up-to-date: /home/topi/ws/install/ros_ign_bridge/share/ros_ign_bridge/environment/ament_prefix_path.sh
[0.535s] -- Up-to-date: /home/topi/ws/install/ros_ign_bridge/share/ros_ign_bridge/environment/ament_prefix_path.dsv
[0.539s] -- Up-to-date: /home/topi/ws/install/ros_ign_bridge/share/ros_ign_bridge/environment/path.sh
[0.539s] -- Up-to-date: /home/topi/ws/install/ros_ign_bridge/share/ros_ign_bridge/environment/path.dsv
[0.539s] -- Up-to-date: /home/topi/ws/install/ros_ign_bridge/share/ros_ign_bridge/local_setup.bash
[0.540s] -- Up-to-date: /home/topi/ws/install/ros_ign_bridge/share/ros_ign_bridge/local_setup.sh
[0.541s] -- Up-to-date: /home/topi/ws/install/ros_ign_bridge/share/ros_ign_bridge/local_setup.zsh
[0.542s] -- Up-to-date: /home/topi/ws/install/ros_ign_bridge/share/ros_ign_bridge/local_setup.dsv
[0.542s] -- Up-to-date: /home/topi/ws/install/ros_ign_bridge/share/ros_ign_bridge/package.dsv
[0.543s] -- Up-to-date: /home/topi/ws/install/ros_ign_bridge/share/ament_index/resource_index/packages/ros_ign_bridge
[0.543s] -- Up-to-date: /home/topi/ws/install/ros_ign_bridge/share/ros_ign_bridge/cmake/ament_cmake_export_dependencies-extras.cmake
[0.543s] -- Up-to-date: /home/topi/ws/install/ros_ign_bridge/share/ros_ign_bridge/cmake/ros_ign_bridgeConfig.cmake
[0.544s] -- Up-to-date: /home/topi/ws/install/ros_ign_bridge/share/ros_ign_bridge/cmake/ros_ign_bridgeConfig-version.cmake
[0.544s] -- Up-to-date: /home/topi/ws/install/ros_ign_bridge/share/ros_ign_bridge/package.xml
[0.545s] Invoked command in '/home/topi/ws/build/ros_ign_bridge' returned '0': CMAKE_PREFIX_PATH=${CMAKE_PREFIX_PATH}:/opt/ros/humble /usr/bin/cmake --install /home/topi/ws/build/ros_ign_bridge
