[0.137s] Invoking command in '/home/topi/ws/build/ros_ign_bridge': CMAKE_PREFIX_PATH=/opt/ros/humble /usr/bin/cmake /home/topi/ws/src/ros_ign_bridge -DCMAKE_INSTALL_PREFIX=/home/topi/ws/install/ros_ign_bridge
[0.212s] -- The C compiler identification is GNU 11.4.0
[0.284s] -- The CXX compiler identification is GNU 11.4.0
[0.293s] -- Detecting C compiler ABI info
[0.376s] -- Detecting C compiler ABI info - done
[0.385s] -- Check for working C compiler: /usr/bin/cc - skipped
[0.386s] -- Detecting C compile features
[0.386s] -- Detecting C compile features - done
[0.390s] -- Detecting CXX compiler ABI info
[0.490s] -- Detecting CXX compiler ABI info - done
[0.500s] -- Check for working CXX compiler: /usr/bin/c++ - skipped
[0.501s] -- Detecting CXX compile features
[0.502s] -- Detecting CXX compile features - done
[0.504s] -- Found ament_cmake: 1.3.5 (/opt/ros/humble/share/ament_cmake/cmake)
[0.724s] -- Found Python3: /usr/bin/python3.10 (found version "3.10.12") found components: Interpreter 
[0.836s] -- Found ament_index_cpp: 1.4.0 (/opt/ros/humble/share/ament_index_cpp/cmake)
[0.920s] -- Configuring done
[0.926s] -- Generating done
[0.927s] -- Build files have been written to: /home/topi/ws/build/ros_ign_bridge
[0.933s] Invoked command in '/home/topi/ws/build/ros_ign_bridge' returned '0': CMAKE_PREFIX_PATH=/opt/ros/humble /usr/bin/cmake /home/topi/ws/src/ros_ign_bridge -DCMAKE_INSTALL_PREFIX=/home/topi/ws/install/ros_ign_bridge
[0.936s] Invoking command in '/home/topi/ws/build/ros_ign_bridge': CMAKE_PREFIX_PATH=/opt/ros/humble /usr/bin/cmake --build /home/topi/ws/build/ros_ign_bridge -- -j4 -l4
[0.993s] [ 25%] [32mBuilding CXX object CMakeFiles/parameter_bridge.dir/src/parameter_bridge_shim.cpp.o[0m
[0.999s] [ 50%] [32mBuilding CXX object CMakeFiles/static_bridge.dir/src/static_bridge_shim.cpp.o[0m
[1.341s] [ 75%] [32m[1mLinking CXX executable parameter_bridge[0m
[1.393s] [100%] [32m[1mLinking CXX executable static_bridge[0m
[1.469s] [100%] Built target parameter_bridge
[1.525s] [100%] Built target static_bridge
[1.540s] Invoked command in '/home/topi/ws/build/ros_ign_bridge' returned '0': CMAKE_PREFIX_PATH=/opt/ros/humble /usr/bin/cmake --build /home/topi/ws/build/ros_ign_bridge -- -j4 -l4
[1.586s] Invoking command in '/home/topi/ws/build/ros_ign_bridge': CMAKE_PREFIX_PATH=/opt/ros/humble /usr/bin/cmake --install /home/topi/ws/build/ros_ign_bridge
[1.596s] -- Install configuration: ""
[1.597s] -- Installing: /home/topi/ws/install/ros_ign_bridge/lib/ros_ign_bridge/parameter_bridge
[1.597s] -- Set runtime path of "/home/topi/ws/install/ros_ign_bridge/lib/ros_ign_bridge/parameter_bridge" to ""
[1.597s] -- Installing: /home/topi/ws/install/ros_ign_bridge/lib/ros_ign_bridge/static_bridge
[1.598s] -- Set runtime path of "/home/topi/ws/install/ros_ign_bridge/lib/ros_ign_bridge/static_bridge" to ""
[1.598s] -- Installing: /home/topi/ws/install/ros_ign_bridge/share/ament_index/resource_index/package_run_dependencies/ros_ign_bridge
[1.598s] -- Installing: /home/topi/ws/install/ros_ign_bridge/share/ament_index/resource_index/parent_prefix_path/ros_ign_bridge
[1.598s] -- Installing: /home/topi/ws/install/ros_ign_bridge/share/ros_ign_bridge/environment/ament_prefix_path.sh
[1.599s] -- Installing: /home/topi/ws/install/ros_ign_bridge/share/ros_ign_bridge/environment/ament_prefix_path.dsv
[1.599s] -- Installing: /home/topi/ws/install/ros_ign_bridge/share/ros_ign_bridge/environment/path.sh
[1.599s] -- Installing: /home/topi/ws/install/ros_ign_bridge/share/ros_ign_bridge/environment/path.dsv
[1.599s] -- Installing: /home/topi/ws/install/ros_ign_bridge/share/ros_ign_bridge/local_setup.bash
[1.599s] -- Installing: /home/topi/ws/install/ros_ign_bridge/share/ros_ign_bridge/local_setup.sh
[1.600s] -- Installing: /home/topi/ws/install/ros_ign_bridge/share/ros_ign_bridge/local_setup.zsh
[1.600s] -- Installing: /home/topi/ws/install/ros_ign_bridge/share/ros_ign_bridge/local_setup.dsv
[1.600s] -- Installing: /home/topi/ws/install/ros_ign_bridge/share/ros_ign_bridge/package.dsv
[1.600s] -- Installing: /home/topi/ws/install/ros_ign_bridge/share/ament_index/resource_index/packages/ros_ign_bridge
[1.601s] -- Installing: /home/topi/ws/install/ros_ign_bridge/share/ros_ign_bridge/cmake/ament_cmake_export_dependencies-extras.cmake
[1.601s] -- Installing: /home/topi/ws/install/ros_ign_bridge/share/ros_ign_bridge/cmake/ros_ign_bridgeConfig.cmake
[1.601s] -- Installing: /home/topi/ws/install/ros_ign_bridge/share/ros_ign_bridge/cmake/ros_ign_bridgeConfig-version.cmake
[1.601s] -- Installing: /home/topi/ws/install/ros_ign_bridge/share/ros_ign_bridge/package.xml
[1.605s] Invoked command in '/home/topi/ws/build/ros_ign_bridge' returned '0': CMAKE_PREFIX_PATH=/opt/ros/humble /usr/bin/cmake --install /home/topi/ws/build/ros_ign_bridge
