[0.075s] Invoking command in '/home/topi/ws/build/ros_ign_gazebo': CMAKE_PREFIX_PATH=/opt/ros/humble /usr/bin/cmake /home/topi/ws/src/ros_ign_gazebo -DCMAKE_INSTALL_PREFIX=/home/topi/ws/install/ros_ign_gazebo
[0.144s] -- The C compiler identification is GNU 11.4.0
[0.216s] -- The CXX compiler identification is GNU 11.4.0
[0.224s] -- Detecting C compiler ABI info
[0.311s] -- Detecting C compiler ABI info - done
[0.320s] -- Check for working C compiler: /usr/bin/cc - skipped
[0.320s] -- Detecting C compile features
[0.321s] -- Detecting C compile features - done
[0.326s] -- Detecting CXX compiler ABI info
[0.422s] -- Detecting CXX compiler ABI info - done
[0.431s] -- Check for working CXX compiler: /usr/bin/c++ - skipped
[0.431s] -- Detecting CXX compile features
[0.432s] -- Detecting CXX compile features - done
[0.435s] -- Found ament_cmake: 1.3.5 (/opt/ros/humble/share/ament_cmake/cmake)
[0.640s] -- Found Python3: /usr/bin/python3.10 (found version "3.10.12") found components: Interpreter 
[0.747s] -- Found ament_index_cpp: 1.4.0 (/opt/ros/humble/share/ament_index_cpp/cmake)
[0.751s] -- Looking for ignition-gazebo6 -- found version 6.15.0
[0.759s] -- Searching for dependencies of ignition-gazebo6
[0.762s] -- Looking for sdformat12 -- found version 12.7.2
[0.762s] -- Searching for dependencies of sdformat12
[0.768s] -- Checking for module 'tinyxml2'
[0.783s] --   Found tinyxml2, version 9.0.0
[0.827s] -- Looking for ignition-math6 -- found version 6.15.0
[0.828s] -- Searching for dependencies of ignition-math6
[0.832s] -- Looking for ignition-utils1 -- found version 1.5.1
[0.832s] -- Searching for dependencies of ignition-utils1
[0.837s] -- Looking for ignition-plugin1 -- found version 1.4.0
[0.837s] -- Searching for dependencies of ignition-plugin1
[0.838s] -- Searching for <ignition-plugin1> component [loader]
[0.841s] -- Looking for ignition-plugin1-loader -- found version 1.4.0
[0.841s] -- Searching for dependencies of ignition-plugin1-loader
[0.842s] -- Searching for <ignition-plugin1> component [register]
[0.845s] -- Looking for ignition-plugin1-register -- found version 1.4.0
[0.845s] -- Searching for dependencies of ignition-plugin1-register
[0.849s] -- Looking for ignition-transport11 -- found version 11.4.1
[0.849s] -- Searching for dependencies of ignition-transport11
[1.161s] -- Found Protobuf: /usr/lib/x86_64-linux-gnu/libprotobuf.so (found version "3.12.4") 
[1.185s] -- Config-file not installed for ZeroMQ -- checking for pkg-config
[1.193s] -- Checking for module 'libzmq >= 4'
[1.217s] --   Found libzmq , version 4.3.4
[1.280s] -- Found ZeroMQ: TRUE (Required is at least version "4") 
[1.287s] -- Checking for module 'uuid'
[1.308s] --   Found uuid, version 2.37.2
[1.358s] -- Found UUID: TRUE  
[1.359s] -- Looking for ignition-utils1 -- found version 1.5.1
[1.360s] -- Searching for dependencies of ignition-utils1
[1.360s] -- Searching for <ignition-utils1> component [cli]
[1.364s] -- Looking for ignition-utils1-cli -- found version 1.5.1
[1.365s] -- Searching for dependencies of ignition-utils1-cli
[1.370s] -- Looking for ignition-msgs8 -- found version 8.7.0
[1.371s] -- Searching for dependencies of ignition-msgs8
[1.405s] -- Found Protobuf: /usr/lib/x86_64-linux-gnu/libprotobuf.so (found suitable version "3.12.4", minimum required is "3") 
[1.407s] -- Looking for ignition-math6 -- found version 6.15.0
[1.423s] -- Searching for <ignition-transport11> component [log]
[1.426s] -- Looking for ignition-transport11-log -- found version 11.4.1
[1.427s] -- Searching for dependencies of ignition-transport11-log
[1.427s] -- Searching for <ignition-transport11> component [parameters]
[1.430s] -- Looking for ignition-transport11-parameters -- found version 11.4.1
[1.431s] -- Searching for dependencies of ignition-transport11-parameters
[1.433s] -- Looking for ignition-msgs8 -- found version 8.7.0
[1.436s] -- Looking for ignition-common4 -- found version 4.7.0
[1.436s] -- Searching for dependencies of ignition-common4
[1.437s] -- Looking for dlfcn.h - found
[1.438s] -- Looking for libdl - found
[1.440s] -- Found DL: TRUE  
[1.450s] -- Searching for <ignition-common4> component [profiler]
[1.452s] -- Looking for ignition-common4-profiler -- found version 4.7.0
[1.453s] -- Searching for dependencies of ignition-common4-profiler
[1.454s] -- Searching for <ignition-common4> component [events]
[1.456s] -- Looking for ignition-common4-events -- found version 4.7.0
[1.457s] -- Searching for dependencies of ignition-common4-events
[1.457s] -- Looking for ignition-math6 -- found version 6.15.0
[1.458s] -- Searching for <ignition-common4> component [av]
[1.461s] -- Looking for ignition-common4-av -- found version 4.7.0
[1.462s] -- Searching for dependencies of ignition-common4-av
[1.468s] -- Checking for module 'libswscale'
[1.487s] --   Found libswscale, version 5.9.100
[1.538s] -- Found SWSCALE: TRUE  
[1.547s] -- Checking for module 'libavdevice >= 56.4.100'
[1.564s] --   Found libavdevice , version 58.13.100
[1.615s] -- Found AVDEVICE: TRUE (Required is at least version "56.4.100") 
[1.621s] -- Checking for module 'libavformat'
[1.639s] --   Found libavformat, version 58.76.100
[1.689s] -- Found AVFORMAT: TRUE  
[1.696s] -- Checking for module 'libavcodec'
[1.712s] --   Found libavcodec, version 58.134.100
[1.762s] -- Found AVCODEC: TRUE  
[1.768s] -- Checking for module 'libavutil'
[1.784s] --   Found libavutil, version 56.70.100
[1.827s] -- Found AVUTIL: TRUE  
[1.830s] -- Looking for ignition-fuel_tools7 -- found version 7.3.0
[1.831s] -- Searching for dependencies of ignition-fuel_tools7
[1.928s] -- Found CURL: /usr/lib/x86_64-linux-gnu/libcurl.so (found version "7.81.0")  
[1.938s] -- Checking for module 'jsoncpp'
[1.954s] --   Found jsoncpp, version 1.9.5
[1.996s] -- Found JSONCPP: TRUE  
[2.003s] -- Checking for module 'libzip'
[2.019s] --   Found libzip, version 1.7.3
[2.060s] -- Found ZIP: TRUE  
[2.061s] -- Looking for ignition-common4 -- found version 4.7.0
[2.062s] -- Looking for ignition-math6 -- found version 6.15.0
[2.062s] -- Looking for ignition-msgs8 -- found version 8.7.0
[2.066s] -- Looking for ignition-gui6 -- found version 6.8.0
[2.067s] -- Searching for dependencies of ignition-gui6
[2.099s] -- Looking for ignition-math6 -- found version 6.15.0
[2.099s] -- Looking for ignition-common4 -- found version 4.7.0
[2.100s] -- Looking for ignition-plugin1 -- found version 1.4.0
[2.100s] -- Looking for ignition-transport11 -- found version 11.4.1
[2.103s] -- Looking for ignition-rendering6 -- found version 6.6.2
[2.104s] -- Searching for dependencies of ignition-rendering6
[2.104s] -- Looking for ignition-math6 -- found version 6.15.0
[2.105s] -- Searching for dependencies of ignition-math6
[2.105s] -- Searching for <ignition-math6> component [eigen3]
[2.108s] -- Looking for ignition-math6-eigen3 -- found version 6.15.0
[2.109s] -- Searching for dependencies of ignition-math6-eigen3
[2.118s] -- Looking for ignition-common4 -- found version 4.7.0
[2.119s] -- Searching for dependencies of ignition-common4
[2.119s] -- Looking for dlfcn.h - found
[2.119s] -- Looking for libdl - found
[2.130s] -- Searching for <ignition-common4> component [graphics]
[2.132s] -- Looking for ignition-common4-graphics -- found version 4.7.0
[2.133s] -- Searching for dependencies of ignition-common4-graphics
[2.133s] -- Looking for ignition-math6 -- found version 6.15.0
[2.134s] -- Looking for ignition-utils1 -- found version 1.5.1
[2.135s] -- Searching for <ignition-common4> component [events]
[2.136s] -- Looking for ignition-plugin1 -- found version 1.4.0
[2.137s] -- Searching for dependencies of ignition-plugin1
[2.137s] -- Searching for <ignition-plugin1> component [all]
[2.139s] -- Looking for all libraries of ignition-plugin1 -- found version 1.4.0
[2.140s] -- Looking for ignition-plugin1 -- found version 1.4.0
[2.143s] -- Looking for ignition-msgs8 -- found version 8.7.0
[2.168s] -- Looking for ignition-physics5 -- found version 5.3.2
[2.169s] -- Searching for dependencies of ignition-physics5
[2.169s] -- Looking for ignition-math6 -- found version 6.15.0
[2.170s] -- Looking for ignition-plugin1 -- found version 1.4.0
[2.170s] -- Looking for ignition-utils1 -- found version 1.5.1
[2.172s] -- Searching for <ignition-physics5> component [heightmap]
[2.174s] -- Looking for ignition-physics5-heightmap -- found version 5.3.2
[2.175s] -- Searching for dependencies of ignition-physics5-heightmap
[2.175s] -- Looking for ignition-common4 -- found version 4.7.0
[2.176s] -- Searching for <ignition-physics5> component [mesh]
[2.178s] -- Looking for ignition-physics5-mesh -- found version 5.3.2
[2.179s] -- Searching for dependencies of ignition-physics5-mesh
[2.179s] -- Looking for ignition-common4 -- found version 4.7.0
[2.180s] -- Searching for <ignition-physics5> component [sdf]
[2.183s] -- Looking for ignition-physics5-sdf -- found version 5.3.2
[2.183s] -- Searching for dependencies of ignition-physics5-sdf
[2.184s] -- Looking for sdformat12 -- found version 12.7.2
[2.187s] -- Looking for ignition-sensors6 -- found version 6.7.1
[2.187s] -- Searching for dependencies of ignition-sensors6
[2.210s] -- Found Protobuf: /usr/lib/x86_64-linux-gnu/libprotobuf.so (found version "3.12.4") 
[2.211s] -- Looking for ignition-math6 -- found version 6.15.0
[2.211s] -- Looking for ignition-common4 -- found version 4.7.0
[2.212s] -- Looking for ignition-transport11 -- found version 11.4.1
[2.212s] -- Looking for ignition-rendering6 -- found version 6.6.2
[2.213s] -- Looking for ignition-msgs8 -- found version 8.7.0
[2.213s] -- Looking for sdformat12 -- found version 12.7.2
[2.214s] -- Searching for <ignition-sensors6> component [air_pressure]
[2.217s] -- Looking for ignition-sensors6-air_pressure -- found version 6.7.1
[2.217s] -- Searching for dependencies of ignition-sensors6-air_pressure
[2.218s] -- Searching for <ignition-sensors6> component [altimeter]
[2.220s] -- Looking for ignition-sensors6-altimeter -- found version 6.7.1
[2.221s] -- Searching for dependencies of ignition-sensors6-altimeter
[2.221s] -- Searching for <ignition-sensors6> component [imu]
[2.224s] -- Looking for ignition-sensors6-imu -- found version 6.7.1
[2.225s] -- Searching for dependencies of ignition-sensors6-imu
[2.225s] -- Searching for <ignition-sensors6> component [force_torque]
[2.228s] -- Looking for ignition-sensors6-force_torque -- found version 6.7.1
[2.228s] -- Searching for dependencies of ignition-sensors6-force_torque
[2.229s] -- Searching for <ignition-sensors6> component [logical_camera]
[2.231s] -- Looking for ignition-sensors6-logical_camera -- found version 6.7.1
[2.232s] -- Searching for dependencies of ignition-sensors6-logical_camera
[2.233s] -- Searching for <ignition-sensors6> component [magnetometer]
[2.235s] -- Looking for ignition-sensors6-magnetometer -- found version 6.7.1
[2.236s] -- Searching for dependencies of ignition-sensors6-magnetometer
[2.236s] -- Searching for <ignition-sensors6> component [navsat]
[2.239s] -- Looking for ignition-sensors6-navsat -- found version 6.7.1
[2.240s] -- Searching for dependencies of ignition-sensors6-navsat
[2.241s] -- Searching for <ignition-sensors6> component [rendering]
[2.243s] -- Looking for ignition-sensors6-rendering -- found version 6.7.1
[2.244s] -- Searching for dependencies of ignition-sensors6-rendering
[2.245s] -- Searching for <ignition-sensors6> component [lidar]
[2.247s] -- Looking for ignition-sensors6-lidar -- found version 6.7.1
[2.248s] -- Searching for dependencies of ignition-sensors6-lidar
[2.249s] -- Looking for ignition-sensors6 -- found version 6.7.1
[2.249s] -- Searching for <ignition-sensors6> component [gpu_lidar]
[2.252s] -- Looking for ignition-sensors6-gpu_lidar -- found version 6.7.1
[2.253s] -- Searching for dependencies of ignition-sensors6-gpu_lidar
[2.253s] -- Looking for ignition-sensors6 -- found version 6.7.1
[2.254s] -- Searching for <ignition-sensors6> component [camera]
[2.257s] -- Looking for ignition-sensors6-camera -- found version 6.7.1
[2.258s] -- Searching for dependencies of ignition-sensors6-camera
[2.258s] -- Looking for ignition-sensors6 -- found version 6.7.1
[2.259s] -- Searching for <ignition-sensors6> component [boundingbox_camera]
[2.262s] -- Looking for ignition-sensors6-boundingbox_camera -- found version 6.7.1
[2.262s] -- Searching for dependencies of ignition-sensors6-boundingbox_camera
[2.263s] -- Searching for <ignition-sensors6> component [segmentation_camera]
[2.266s] -- Looking for ignition-sensors6-segmentation_camera -- found version 6.7.1
[2.266s] -- Searching for dependencies of ignition-sensors6-segmentation_camera
[2.267s] -- Searching for <ignition-sensors6> component [depth_camera]
[2.269s] -- Looking for ignition-sensors6-depth_camera -- found version 6.7.1
[2.270s] -- Searching for dependencies of ignition-sensors6-depth_camera
[2.270s] -- Looking for ignition-sensors6 -- found version 6.7.1
[2.271s] -- Searching for <ignition-sensors6> component [rgbd_camera]
[2.274s] -- Looking for ignition-sensors6-rgbd_camera -- found version 6.7.1
[2.274s] -- Searching for dependencies of ignition-sensors6-rgbd_camera
[2.275s] -- Looking for ignition-sensors6 -- found version 6.7.1
[2.275s] -- Searching for <ignition-sensors6> component [thermal_camera]
[2.278s] -- Looking for ignition-sensors6-thermal_camera -- found version 6.7.1
[2.279s] -- Searching for dependencies of ignition-sensors6-thermal_camera
[2.279s] -- Looking for ignition-sensors6 -- found version 6.7.1
[2.280s] -- Looking for ignition-rendering6 -- found version 6.6.2
[2.281s] -- Looking for ignition-math6 -- found version 6.15.0
[2.284s] -- Looking for ignition-utils1 -- found version 1.5.1
[2.308s] -- Compiling against Gazebo Fortress
[2.388s] -- Configuring done
[2.396s] -- Generating done
[2.398s] -- Build files have been written to: /home/topi/ws/build/ros_ign_gazebo
[2.411s] Invoked command in '/home/topi/ws/build/ros_ign_gazebo' returned '0': CMAKE_PREFIX_PATH=/opt/ros/humble /usr/bin/cmake /home/topi/ws/src/ros_ign_gazebo -DCMAKE_INSTALL_PREFIX=/home/topi/ws/install/ros_ign_gazebo
[2.413s] Invoking command in '/home/topi/ws/build/ros_ign_gazebo': CMAKE_PREFIX_PATH=/opt/ros/humble /usr/bin/cmake --build /home/topi/ws/build/ros_ign_gazebo -- -j4 -l4
[2.472s] [ 50%] [32mBuilding CXX object CMakeFiles/create.dir/src/create_shim.cpp.o[0m
[2.747s] [100%] [32m[1mLinking CXX executable create[0m
[2.843s] [100%] Built target create
[2.856s] Invoked command in '/home/topi/ws/build/ros_ign_gazebo' returned '0': CMAKE_PREFIX_PATH=/opt/ros/humble /usr/bin/cmake --build /home/topi/ws/build/ros_ign_gazebo -- -j4 -l4
[2.889s] Invoking command in '/home/topi/ws/build/ros_ign_gazebo': CMAKE_PREFIX_PATH=/opt/ros/humble /usr/bin/cmake --install /home/topi/ws/build/ros_ign_gazebo
[2.899s] -- Install configuration: ""
[2.899s] -- Installing: /home/topi/ws/install/ros_ign_gazebo/share/ros_ign_gazebo/launch/ign_gazebo.launch.py
[2.899s] -- Installing: /home/topi/ws/install/ros_ign_gazebo/lib/ros_ign_gazebo/create
[2.900s] -- Set runtime path of "/home/topi/ws/install/ros_ign_gazebo/lib/ros_ign_gazebo/create" to ""
[2.900s] -- Installing: /home/topi/ws/install/ros_ign_gazebo/share/ament_index/resource_index/package_run_dependencies/ros_ign_gazebo
[2.900s] -- Installing: /home/topi/ws/install/ros_ign_gazebo/share/ament_index/resource_index/parent_prefix_path/ros_ign_gazebo
[2.900s] -- Installing: /home/topi/ws/install/ros_ign_gazebo/share/ros_ign_gazebo/environment/ament_prefix_path.sh
[2.901s] -- Installing: /home/topi/ws/install/ros_ign_gazebo/share/ros_ign_gazebo/environment/ament_prefix_path.dsv
[2.901s] -- Installing: /home/topi/ws/install/ros_ign_gazebo/share/ros_ign_gazebo/environment/path.sh
[2.901s] -- Installing: /home/topi/ws/install/ros_ign_gazebo/share/ros_ign_gazebo/environment/path.dsv
[2.901s] -- Installing: /home/topi/ws/install/ros_ign_gazebo/share/ros_ign_gazebo/local_setup.bash
[2.901s] -- Installing: /home/topi/ws/install/ros_ign_gazebo/share/ros_ign_gazebo/local_setup.sh
[2.901s] -- Installing: /home/topi/ws/install/ros_ign_gazebo/share/ros_ign_gazebo/local_setup.zsh
[2.902s] -- Installing: /home/topi/ws/install/ros_ign_gazebo/share/ros_ign_gazebo/local_setup.dsv
[2.902s] -- Installing: /home/topi/ws/install/ros_ign_gazebo/share/ros_ign_gazebo/package.dsv
[2.902s] -- Installing: /home/topi/ws/install/ros_ign_gazebo/share/ament_index/resource_index/packages/ros_ign_gazebo
[2.902s] -- Installing: /home/topi/ws/install/ros_ign_gazebo/share/ros_ign_gazebo/cmake/ament_cmake_export_dependencies-extras.cmake
[2.902s] -- Installing: /home/topi/ws/install/ros_ign_gazebo/share/ros_ign_gazebo/cmake/ros_ign_gazeboConfig.cmake
[2.902s] -- Installing: /home/topi/ws/install/ros_ign_gazebo/share/ros_ign_gazebo/cmake/ros_ign_gazeboConfig-version.cmake
[2.903s] -- Installing: /home/topi/ws/install/ros_ign_gazebo/share/ros_ign_gazebo/package.xml
[2.905s] Invoked command in '/home/topi/ws/build/ros_ign_gazebo' returned '0': CMAKE_PREFIX_PATH=/opt/ros/humble /usr/bin/cmake --install /home/topi/ws/build/ros_ign_gazebo
