[1.533s] DEBUG:colcon:Command line arguments: ['/usr/bin/colcon', 'build']
[1.533s] DEBUG:colcon:Parsed command line arguments: Namespace(log_base=None, log_level=None, verb_name='build', build_base='build', install_base='install', merge_install=False, symlink_install=False, test_result_base=None, continue_on_error=False, executor='parallel', parallel_workers=4, event_handlers=None, ignore_user_meta=False, metas=['./colcon.meta'], base_paths=['.'], packages_ignore=None, packages_ignore_regex=None, paths=None, packages_up_to=None, packages_up_to_regex=None, packages_above=None, packages_above_and_dependencies=None, packages_above_depth=None, packages_select_by_dep=None, packages_skip_by_dep=None, packages_skip_up_to=None, packages_select_build_failed=False, packages_skip_build_finished=False, packages_select_test_failures=False, packages_skip_test_passed=False, packages_select=None, packages_skip=None, packages_select_regex=None, packages_skip_regex=None, packages_start=None, packages_end=None, allow_overriding=[], cmake_args=None, cmake_target=None, cmake_target_skip_unavailable=False, cmake_clean_cache=False, cmake_clean_first=False, cmake_force_configure=False, ament_cmake_args=None, catkin_cmake_args=None, catkin_skip_building_tests=False, verb_parser=<colcon_defaults.argument_parser.defaults.DefaultArgumentsDecorator object at 0x7f40dedcc4f0>, verb_extension=<colcon_core.verb.build.BuildVerb object at 0x7f40df0ca740>, main=<bound method BuildVerb.main of <colcon_core.verb.build.BuildVerb object at 0x7f40df0ca740>>)
[1.606s] Level 1:colcon.colcon_core.package_discovery:discover_packages(colcon_meta) check parameters
[1.606s] Level 1:colcon.colcon_core.package_discovery:discover_packages(recursive) check parameters
[1.607s] Level 1:colcon.colcon_core.package_discovery:discover_packages(ignore) check parameters
[1.607s] Level 1:colcon.colcon_core.package_discovery:discover_packages(path) check parameters
[1.607s] Level 1:colcon.colcon_core.package_discovery:discover_packages(colcon_meta) discover
[1.607s] Level 1:colcon.colcon_core.package_discovery:discover_packages(recursive) discover
[1.607s] INFO:colcon.colcon_core.package_discovery:Crawling recursively for packages in '/home/topi/ws'
[1.607s] Level 1:colcon.colcon_core.package_identification:_identify(.) by extensions ['ignore', 'ignore_ament_install']
[1.607s] Level 1:colcon.colcon_core.package_identification:_identify(.) by extension 'ignore'
[1.607s] Level 1:colcon.colcon_core.package_identification:_identify(.) by extension 'ignore_ament_install'
[1.607s] Level 1:colcon.colcon_core.package_identification:_identify(.) by extensions ['colcon_pkg']
[1.607s] Level 1:colcon.colcon_core.package_identification:_identify(.) by extension 'colcon_pkg'
[1.607s] Level 1:colcon.colcon_core.package_identification:_identify(.) by extensions ['colcon_meta']
[1.607s] Level 1:colcon.colcon_core.package_identification:_identify(.) by extension 'colcon_meta'
[1.607s] Level 1:colcon.colcon_core.package_identification:_identify(.) by extensions ['ros']
[1.607s] Level 1:colcon.colcon_core.package_identification:_identify(.) by extension 'ros'
[1.625s] Level 1:colcon.colcon_core.package_identification:_identify(.) by extensions ['cmake', 'python']
[1.625s] Level 1:colcon.colcon_core.package_identification:_identify(.) by extension 'cmake'
[1.625s] Level 1:colcon.colcon_core.package_identification:_identify(.) by extension 'python'
[1.625s] Level 1:colcon.colcon_core.package_identification:_identify(.) by extensions ['python_setup_py']
[1.625s] Level 1:colcon.colcon_core.package_identification:_identify(.) by extension 'python_setup_py'
[1.625s] Level 1:colcon.colcon_core.package_identification:_identify(build) by extensions ['ignore', 'ignore_ament_install']
[1.625s] Level 1:colcon.colcon_core.package_identification:_identify(build) by extension 'ignore'
[1.626s] Level 1:colcon.colcon_core.package_identification:_identify(build) ignored
[1.626s] Level 1:colcon.colcon_core.package_identification:_identify(install) by extensions ['ignore', 'ignore_ament_install']
[1.626s] Level 1:colcon.colcon_core.package_identification:_identify(install) by extension 'ignore'
[1.626s] Level 1:colcon.colcon_core.package_identification:_identify(install) ignored
[1.626s] Level 1:colcon.colcon_core.package_identification:_identify(log) by extensions ['ignore', 'ignore_ament_install']
[1.626s] Level 1:colcon.colcon_core.package_identification:_identify(log) by extension 'ignore'
[1.626s] Level 1:colcon.colcon_core.package_identification:_identify(log) ignored
[1.626s] Level 1:colcon.colcon_core.package_identification:_identify(src) by extensions ['ignore', 'ignore_ament_install']
[1.626s] Level 1:colcon.colcon_core.package_identification:_identify(src) by extension 'ignore'
[1.626s] Level 1:colcon.colcon_core.package_identification:_identify(src) by extension 'ignore_ament_install'
[1.626s] Level 1:colcon.colcon_core.package_identification:_identify(src) by extensions ['colcon_pkg']
[1.626s] Level 1:colcon.colcon_core.package_identification:_identify(src) by extension 'colcon_pkg'
[1.626s] Level 1:colcon.colcon_core.package_identification:_identify(src) by extensions ['colcon_meta']
[1.626s] Level 1:colcon.colcon_core.package_identification:_identify(src) by extension 'colcon_meta'
[1.627s] Level 1:colcon.colcon_core.package_identification:_identify(src) by extensions ['ros']
[1.627s] Level 1:colcon.colcon_core.package_identification:_identify(src) by extension 'ros'
[1.627s] Level 1:colcon.colcon_core.package_identification:_identify(src) by extensions ['cmake', 'python']
[1.627s] Level 1:colcon.colcon_core.package_identification:_identify(src) by extension 'cmake'
[1.627s] Level 1:colcon.colcon_core.package_identification:_identify(src) by extension 'python'
[1.627s] Level 1:colcon.colcon_core.package_identification:_identify(src) by extensions ['python_setup_py']
[1.627s] Level 1:colcon.colcon_core.package_identification:_identify(src) by extension 'python_setup_py'
[1.627s] Level 1:colcon.colcon_core.package_identification:_identify(src/Notebooks) by extensions ['ignore', 'ignore_ament_install']
[1.627s] Level 1:colcon.colcon_core.package_identification:_identify(src/Notebooks) by extension 'ignore'
[1.627s] Level 1:colcon.colcon_core.package_identification:_identify(src/Notebooks) by extension 'ignore_ament_install'
[1.627s] Level 1:colcon.colcon_core.package_identification:_identify(src/Notebooks) by extensions ['colcon_pkg']
[1.627s] Level 1:colcon.colcon_core.package_identification:_identify(src/Notebooks) by extension 'colcon_pkg'
[1.627s] Level 1:colcon.colcon_core.package_identification:_identify(src/Notebooks) by extensions ['colcon_meta']
[1.627s] Level 1:colcon.colcon_core.package_identification:_identify(src/Notebooks) by extension 'colcon_meta'
[1.627s] Level 1:colcon.colcon_core.package_identification:_identify(src/Notebooks) by extensions ['ros']
[1.627s] Level 1:colcon.colcon_core.package_identification:_identify(src/Notebooks) by extension 'ros'
[1.627s] Level 1:colcon.colcon_core.package_identification:_identify(src/Notebooks) by extensions ['cmake', 'python']
[1.628s] Level 1:colcon.colcon_core.package_identification:_identify(src/Notebooks) by extension 'cmake'
[1.628s] Level 1:colcon.colcon_core.package_identification:_identify(src/Notebooks) by extension 'python'
[1.628s] Level 1:colcon.colcon_core.package_identification:_identify(src/Notebooks) by extensions ['python_setup_py']
[1.628s] Level 1:colcon.colcon_core.package_identification:_identify(src/Notebooks) by extension 'python_setup_py'
[1.628s] Level 1:colcon.colcon_core.package_identification:_identify(src/assets) by extensions ['ignore', 'ignore_ament_install']
[1.628s] Level 1:colcon.colcon_core.package_identification:_identify(src/assets) by extension 'ignore'
[1.628s] Level 1:colcon.colcon_core.package_identification:_identify(src/assets) by extension 'ignore_ament_install'
[1.628s] Level 1:colcon.colcon_core.package_identification:_identify(src/assets) by extensions ['colcon_pkg']
[1.628s] Level 1:colcon.colcon_core.package_identification:_identify(src/assets) by extension 'colcon_pkg'
[1.628s] Level 1:colcon.colcon_core.package_identification:_identify(src/assets) by extensions ['colcon_meta']
[1.628s] Level 1:colcon.colcon_core.package_identification:_identify(src/assets) by extension 'colcon_meta'
[1.628s] Level 1:colcon.colcon_core.package_identification:_identify(src/assets) by extensions ['ros']
[1.628s] Level 1:colcon.colcon_core.package_identification:_identify(src/assets) by extension 'ros'
[1.628s] Level 1:colcon.colcon_core.package_identification:_identify(src/assets) by extensions ['cmake', 'python']
[1.628s] Level 1:colcon.colcon_core.package_identification:_identify(src/assets) by extension 'cmake'
[1.628s] Level 1:colcon.colcon_core.package_identification:_identify(src/assets) by extension 'python'
[1.628s] Level 1:colcon.colcon_core.package_identification:_identify(src/assets) by extensions ['python_setup_py']
[1.628s] Level 1:colcon.colcon_core.package_identification:_identify(src/assets) by extension 'python_setup_py'
[1.629s] Level 1:colcon.colcon_core.package_identification:_identify(src/ros_ign) by extensions ['ignore', 'ignore_ament_install']
[1.629s] Level 1:colcon.colcon_core.package_identification:_identify(src/ros_ign) by extension 'ignore'
[1.629s] Level 1:colcon.colcon_core.package_identification:_identify(src/ros_ign) by extension 'ignore_ament_install'
[1.629s] Level 1:colcon.colcon_core.package_identification:_identify(src/ros_ign) by extensions ['colcon_pkg']
[1.629s] Level 1:colcon.colcon_core.package_identification:_identify(src/ros_ign) by extension 'colcon_pkg'
[1.629s] Level 1:colcon.colcon_core.package_identification:_identify(src/ros_ign) by extensions ['colcon_meta']
[1.629s] Level 1:colcon.colcon_core.package_identification:_identify(src/ros_ign) by extension 'colcon_meta'
[1.629s] Level 1:colcon.colcon_core.package_identification:_identify(src/ros_ign) by extensions ['ros']
[1.629s] Level 1:colcon.colcon_core.package_identification:_identify(src/ros_ign) by extension 'ros'
[1.634s] DEBUG:colcon.colcon_core.package_identification:Package 'src/ros_ign' with type 'ros.ament_cmake' and name 'ros_ign'
[1.634s] Level 1:colcon.colcon_core.package_identification:_identify(src/ros_ign_bridge) by extensions ['ignore', 'ignore_ament_install']
[1.634s] Level 1:colcon.colcon_core.package_identification:_identify(src/ros_ign_bridge) by extension 'ignore'
[1.634s] Level 1:colcon.colcon_core.package_identification:_identify(src/ros_ign_bridge) by extension 'ignore_ament_install'
[1.635s] Level 1:colcon.colcon_core.package_identification:_identify(src/ros_ign_bridge) by extensions ['colcon_pkg']
[1.635s] Level 1:colcon.colcon_core.package_identification:_identify(src/ros_ign_bridge) by extension 'colcon_pkg'
[1.635s] Level 1:colcon.colcon_core.package_identification:_identify(src/ros_ign_bridge) by extensions ['colcon_meta']
[1.635s] Level 1:colcon.colcon_core.package_identification:_identify(src/ros_ign_bridge) by extension 'colcon_meta'
[1.635s] Level 1:colcon.colcon_core.package_identification:_identify(src/ros_ign_bridge) by extensions ['ros']
[1.635s] Level 1:colcon.colcon_core.package_identification:_identify(src/ros_ign_bridge) by extension 'ros'
[1.636s] DEBUG:colcon.colcon_core.package_identification:Package 'src/ros_ign_bridge' with type 'ros.ament_cmake' and name 'ros_ign_bridge'
[1.636s] Level 1:colcon.colcon_core.package_identification:_identify(src/ros_ign_gazebo) by extensions ['ignore', 'ignore_ament_install']
[1.636s] Level 1:colcon.colcon_core.package_identification:_identify(src/ros_ign_gazebo) by extension 'ignore'
[1.636s] Level 1:colcon.colcon_core.package_identification:_identify(src/ros_ign_gazebo) by extension 'ignore_ament_install'
[1.636s] Level 1:colcon.colcon_core.package_identification:_identify(src/ros_ign_gazebo) by extensions ['colcon_pkg']
[1.636s] Level 1:colcon.colcon_core.package_identification:_identify(src/ros_ign_gazebo) by extension 'colcon_pkg'
[1.636s] Level 1:colcon.colcon_core.package_identification:_identify(src/ros_ign_gazebo) by extensions ['colcon_meta']
[1.636s] Level 1:colcon.colcon_core.package_identification:_identify(src/ros_ign_gazebo) by extension 'colcon_meta'
[1.636s] Level 1:colcon.colcon_core.package_identification:_identify(src/ros_ign_gazebo) by extensions ['ros']
[1.636s] Level 1:colcon.colcon_core.package_identification:_identify(src/ros_ign_gazebo) by extension 'ros'
[1.637s] DEBUG:colcon.colcon_core.package_identification:Package 'src/ros_ign_gazebo' with type 'ros.ament_cmake' and name 'ros_ign_gazebo'
[1.637s] Level 1:colcon.colcon_core.package_identification:_identify(src/usb_cam) by extensions ['ignore', 'ignore_ament_install']
[1.637s] Level 1:colcon.colcon_core.package_identification:_identify(src/usb_cam) by extension 'ignore'
[1.637s] Level 1:colcon.colcon_core.package_identification:_identify(src/usb_cam) by extension 'ignore_ament_install'
[1.638s] Level 1:colcon.colcon_core.package_identification:_identify(src/usb_cam) by extensions ['colcon_pkg']
[1.638s] Level 1:colcon.colcon_core.package_identification:_identify(src/usb_cam) by extension 'colcon_pkg'
[1.638s] Level 1:colcon.colcon_core.package_identification:_identify(src/usb_cam) by extensions ['colcon_meta']
[1.638s] Level 1:colcon.colcon_core.package_identification:_identify(src/usb_cam) by extension 'colcon_meta'
[1.638s] Level 1:colcon.colcon_core.package_identification:_identify(src/usb_cam) by extensions ['ros']
[1.638s] Level 1:colcon.colcon_core.package_identification:_identify(src/usb_cam) by extension 'ros'
[1.640s] DEBUG:colcon.colcon_core.package_identification:Package 'src/usb_cam' with type 'ros.catkin' and name 'usb_cam'
[1.641s] Level 1:colcon.colcon_core.package_identification:_identify(src/walking_actor) by extensions ['ignore', 'ignore_ament_install']
[1.641s] Level 1:colcon.colcon_core.package_identification:_identify(src/walking_actor) by extension 'ignore'
[1.641s] Level 1:colcon.colcon_core.package_identification:_identify(src/walking_actor) by extension 'ignore_ament_install'
[1.641s] Level 1:colcon.colcon_core.package_identification:_identify(src/walking_actor) by extensions ['colcon_pkg']
[1.641s] Level 1:colcon.colcon_core.package_identification:_identify(src/walking_actor) by extension 'colcon_pkg'
[1.641s] Level 1:colcon.colcon_core.package_identification:_identify(src/walking_actor) by extensions ['colcon_meta']
[1.641s] Level 1:colcon.colcon_core.package_identification:_identify(src/walking_actor) by extension 'colcon_meta'
[1.641s] Level 1:colcon.colcon_core.package_identification:_identify(src/walking_actor) by extensions ['ros']
[1.641s] Level 1:colcon.colcon_core.package_identification:_identify(src/walking_actor) by extension 'ros'
[1.644s] DEBUG:colcon.colcon_core.package_identification:Package 'src/walking_actor' with type 'ros.ament_cmake' and name 'walking_actor'
[1.644s] Level 1:colcon.colcon_core.package_discovery:discover_packages(recursive) using defaults
[1.645s] Level 1:colcon.colcon_core.package_discovery:discover_packages(ignore) discover
[1.645s] Level 1:colcon.colcon_core.package_discovery:discover_packages(ignore) using defaults
[1.645s] Level 1:colcon.colcon_core.package_discovery:discover_packages(path) discover
[1.645s] Level 1:colcon.colcon_core.package_discovery:discover_packages(path) using defaults
[1.783s] Level 1:colcon.colcon_core.package_discovery:discover_packages(prefix_path) check parameters
[1.783s] Level 1:colcon.colcon_core.package_discovery:discover_packages(prefix_path) discover
[1.828s] DEBUG:colcon.colcon_installed_package_information.package_discovery:Found 4 installed packages in /home/topi/ws/install
[1.864s] DEBUG:colcon.colcon_installed_package_information.package_discovery:Found 402 installed packages in /opt/ros/humble
[1.866s] Level 1:colcon.colcon_core.package_discovery:discover_packages(prefix_path) using defaults
[2.009s] Level 5:colcon.colcon_core.verb:set package 'ros_ign_bridge' build argument 'cmake_args' from command line to 'None'
[2.009s] Level 5:colcon.colcon_core.verb:set package 'ros_ign_bridge' build argument 'cmake_target' from command line to 'None'
[2.009s] Level 5:colcon.colcon_core.verb:set package 'ros_ign_bridge' build argument 'cmake_target_skip_unavailable' from command line to 'False'
[2.009s] Level 5:colcon.colcon_core.verb:set package 'ros_ign_bridge' build argument 'cmake_clean_cache' from command line to 'False'
[2.009s] Level 5:colcon.colcon_core.verb:set package 'ros_ign_bridge' build argument 'cmake_clean_first' from command line to 'False'
[2.009s] Level 5:colcon.colcon_core.verb:set package 'ros_ign_bridge' build argument 'cmake_force_configure' from command line to 'False'
[2.010s] Level 5:colcon.colcon_core.verb:set package 'ros_ign_bridge' build argument 'ament_cmake_args' from command line to 'None'
[2.010s] Level 5:colcon.colcon_core.verb:set package 'ros_ign_bridge' build argument 'catkin_cmake_args' from command line to 'None'
[2.010s] Level 5:colcon.colcon_core.verb:set package 'ros_ign_bridge' build argument 'catkin_skip_building_tests' from command line to 'False'
[2.010s] DEBUG:colcon.colcon_core.verb:Building package 'ros_ign_bridge' with the following arguments: {'ament_cmake_args': None, 'build_base': '/home/topi/ws/build/ros_ign_bridge', 'catkin_cmake_args': None, 'catkin_skip_building_tests': False, 'cmake_args': None, 'cmake_clean_cache': False, 'cmake_clean_first': False, 'cmake_force_configure': False, 'cmake_target': None, 'cmake_target_skip_unavailable': False, 'install_base': '/home/topi/ws/install/ros_ign_bridge', 'merge_install': False, 'path': '/home/topi/ws/src/ros_ign_bridge', 'symlink_install': False, 'test_result_base': None}
[2.031s] Level 5:colcon.colcon_core.verb:set package 'ros_ign_gazebo' build argument 'cmake_args' from command line to 'None'
[2.031s] Level 5:colcon.colcon_core.verb:set package 'ros_ign_gazebo' build argument 'cmake_target' from command line to 'None'
[2.031s] Level 5:colcon.colcon_core.verb:set package 'ros_ign_gazebo' build argument 'cmake_target_skip_unavailable' from command line to 'False'
[2.031s] Level 5:colcon.colcon_core.verb:set package 'ros_ign_gazebo' build argument 'cmake_clean_cache' from command line to 'False'
[2.031s] Level 5:colcon.colcon_core.verb:set package 'ros_ign_gazebo' build argument 'cmake_clean_first' from command line to 'False'
[2.031s] Level 5:colcon.colcon_core.verb:set package 'ros_ign_gazebo' build argument 'cmake_force_configure' from command line to 'False'
[2.031s] Level 5:colcon.colcon_core.verb:set package 'ros_ign_gazebo' build argument 'ament_cmake_args' from command line to 'None'
[2.031s] Level 5:colcon.colcon_core.verb:set package 'ros_ign_gazebo' build argument 'catkin_cmake_args' from command line to 'None'
[2.031s] Level 5:colcon.colcon_core.verb:set package 'ros_ign_gazebo' build argument 'catkin_skip_building_tests' from command line to 'False'
[2.031s] DEBUG:colcon.colcon_core.verb:Building package 'ros_ign_gazebo' with the following arguments: {'ament_cmake_args': None, 'build_base': '/home/topi/ws/build/ros_ign_gazebo', 'catkin_cmake_args': None, 'catkin_skip_building_tests': False, 'cmake_args': None, 'cmake_clean_cache': False, 'cmake_clean_first': False, 'cmake_force_configure': False, 'cmake_target': None, 'cmake_target_skip_unavailable': False, 'install_base': '/home/topi/ws/install/ros_ign_gazebo', 'merge_install': False, 'path': '/home/topi/ws/src/ros_ign_gazebo', 'symlink_install': False, 'test_result_base': None}
[2.053s] Level 5:colcon.colcon_core.verb:set package 'usb_cam' build argument 'cmake_args' from command line to 'None'
[2.053s] Level 5:colcon.colcon_core.verb:set package 'usb_cam' build argument 'cmake_target' from command line to 'None'
[2.053s] Level 5:colcon.colcon_core.verb:set package 'usb_cam' build argument 'cmake_target_skip_unavailable' from command line to 'False'
[2.053s] Level 5:colcon.colcon_core.verb:set package 'usb_cam' build argument 'cmake_clean_cache' from command line to 'False'
[2.053s] Level 5:colcon.colcon_core.verb:set package 'usb_cam' build argument 'cmake_clean_first' from command line to 'False'
[2.053s] Level 5:colcon.colcon_core.verb:set package 'usb_cam' build argument 'cmake_force_configure' from command line to 'False'
[2.053s] Level 5:colcon.colcon_core.verb:set package 'usb_cam' build argument 'ament_cmake_args' from command line to 'None'
[2.053s] Level 5:colcon.colcon_core.verb:set package 'usb_cam' build argument 'catkin_cmake_args' from command line to 'None'
[2.053s] Level 5:colcon.colcon_core.verb:set package 'usb_cam' build argument 'catkin_skip_building_tests' from command line to 'False'
[2.053s] DEBUG:colcon.colcon_core.verb:Building package 'usb_cam' with the following arguments: {'ament_cmake_args': None, 'build_base': '/home/topi/ws/build/usb_cam', 'catkin_cmake_args': None, 'catkin_skip_building_tests': False, 'cmake_args': None, 'cmake_clean_cache': False, 'cmake_clean_first': False, 'cmake_force_configure': False, 'cmake_target': None, 'cmake_target_skip_unavailable': False, 'install_base': '/home/topi/ws/install/usb_cam', 'merge_install': False, 'path': '/home/topi/ws/src/usb_cam', 'symlink_install': False, 'test_result_base': None}
[2.074s] Level 5:colcon.colcon_core.verb:set package 'ros_ign' build argument 'cmake_args' from command line to 'None'
[2.075s] Level 5:colcon.colcon_core.verb:set package 'ros_ign' build argument 'cmake_target' from command line to 'None'
[2.075s] Level 5:colcon.colcon_core.verb:set package 'ros_ign' build argument 'cmake_target_skip_unavailable' from command line to 'False'
[2.075s] Level 5:colcon.colcon_core.verb:set package 'ros_ign' build argument 'cmake_clean_cache' from command line to 'False'
[2.075s] Level 5:colcon.colcon_core.verb:set package 'ros_ign' build argument 'cmake_clean_first' from command line to 'False'
[2.075s] Level 5:colcon.colcon_core.verb:set package 'ros_ign' build argument 'cmake_force_configure' from command line to 'False'
[2.075s] Level 5:colcon.colcon_core.verb:set package 'ros_ign' build argument 'ament_cmake_args' from command line to 'None'
[2.075s] Level 5:colcon.colcon_core.verb:set package 'ros_ign' build argument 'catkin_cmake_args' from command line to 'None'
[2.075s] Level 5:colcon.colcon_core.verb:set package 'ros_ign' build argument 'catkin_skip_building_tests' from command line to 'False'
[2.075s] DEBUG:colcon.colcon_core.verb:Building package 'ros_ign' with the following arguments: {'ament_cmake_args': None, 'build_base': '/home/topi/ws/build/ros_ign', 'catkin_cmake_args': None, 'catkin_skip_building_tests': False, 'cmake_args': None, 'cmake_clean_cache': False, 'cmake_clean_first': False, 'cmake_force_configure': False, 'cmake_target': None, 'cmake_target_skip_unavailable': False, 'install_base': '/home/topi/ws/install/ros_ign', 'merge_install': False, 'path': '/home/topi/ws/src/ros_ign', 'symlink_install': False, 'test_result_base': None}
[2.096s] Level 5:colcon.colcon_core.verb:set package 'walking_actor' build argument 'cmake_args' from command line to 'None'
[2.096s] Level 5:colcon.colcon_core.verb:set package 'walking_actor' build argument 'cmake_target' from command line to 'None'
[2.096s] Level 5:colcon.colcon_core.verb:set package 'walking_actor' build argument 'cmake_target_skip_unavailable' from command line to 'False'
[2.096s] Level 5:colcon.colcon_core.verb:set package 'walking_actor' build argument 'cmake_clean_cache' from command line to 'False'
[2.097s] Level 5:colcon.colcon_core.verb:set package 'walking_actor' build argument 'cmake_clean_first' from command line to 'False'
[2.097s] Level 5:colcon.colcon_core.verb:set package 'walking_actor' build argument 'cmake_force_configure' from command line to 'False'
[2.097s] Level 5:colcon.colcon_core.verb:set package 'walking_actor' build argument 'ament_cmake_args' from command line to 'None'
[2.097s] Level 5:colcon.colcon_core.verb:set package 'walking_actor' build argument 'catkin_cmake_args' from command line to 'None'
[2.097s] Level 5:colcon.colcon_core.verb:set package 'walking_actor' build argument 'catkin_skip_building_tests' from command line to 'False'
[2.097s] DEBUG:colcon.colcon_core.verb:Building package 'walking_actor' with the following arguments: {'ament_cmake_args': None, 'build_base': '/home/topi/ws/build/walking_actor', 'catkin_cmake_args': None, 'catkin_skip_building_tests': False, 'cmake_args': None, 'cmake_clean_cache': False, 'cmake_clean_first': False, 'cmake_force_configure': False, 'cmake_target': None, 'cmake_target_skip_unavailable': False, 'install_base': '/home/topi/ws/install/walking_actor', 'merge_install': False, 'path': '/home/topi/ws/src/walking_actor', 'symlink_install': False, 'test_result_base': None}
[2.118s] INFO:colcon.colcon_core.executor:Executing jobs using 'parallel' executor
[2.140s] DEBUG:colcon.colcon_parallel_executor.executor.parallel:run_until_complete
[2.140s] INFO:colcon.colcon_ros.task.ament_cmake.build:Building ROS package in '/home/topi/ws/src/ros_ign_bridge' with build type 'ament_cmake'
[2.140s] INFO:colcon.colcon_cmake.task.cmake.build:Building CMake package in '/home/topi/ws/src/ros_ign_bridge'
[2.164s] INFO:colcon.colcon_core.plugin_system:Skipping extension 'colcon_core.shell.bat': Not used on non-Windows systems
[2.164s] INFO:colcon.colcon_core.shell:Skip shell extension 'powershell' for command environment: Not usable outside of PowerShell
[2.165s] DEBUG:colcon.colcon_core.shell:Skip shell extension 'dsv' for command environment
[2.233s] INFO:colcon.colcon_ros.task.ament_cmake.build:Building ROS package in '/home/topi/ws/src/ros_ign_gazebo' with build type 'ament_cmake'
[2.233s] INFO:colcon.colcon_cmake.task.cmake.build:Building CMake package in '/home/topi/ws/src/ros_ign_gazebo'
[2.256s] INFO:colcon.colcon_core.shell:Skip shell extension 'powershell' for command environment: Not usable outside of PowerShell
[2.256s] DEBUG:colcon.colcon_core.shell:Skip shell extension 'dsv' for command environment
[2.349s] INFO:colcon.colcon_ros.task.catkin.build:Building ROS package in '/home/topi/ws/src/usb_cam' with build type 'catkin'
[2.349s] INFO:colcon.colcon_cmake.task.cmake.build:Building CMake package in '/home/topi/ws/src/usb_cam'
[2.380s] INFO:colcon.colcon_core.shell:Skip shell extension 'powershell' for command environment: Not usable outside of PowerShell
[2.380s] DEBUG:colcon.colcon_core.shell:Skip shell extension 'dsv' for command environment
[2.482s] DEBUG:colcon.colcon_core.event_handler.log_command:Invoking command in '/home/topi/ws/build/ros_ign_bridge': CMAKE_PREFIX_PATH=${CMAKE_PREFIX_PATH}:/opt/ros/humble /usr/bin/cmake --build /home/topi/ws/build/ros_ign_bridge -- -j4 -l4
[2.489s] DEBUG:colcon.colcon_core.event_handler.log_command:Invoking command in '/home/topi/ws/build/ros_ign_gazebo': CMAKE_PREFIX_PATH=${CMAKE_PREFIX_PATH}:/opt/ros/humble /usr/bin/cmake --build /home/topi/ws/build/ros_ign_gazebo -- -j4 -l4
[2.496s] DEBUG:colcon.colcon_core.event_handler.log_command:Invoking command in '/home/topi/ws/build/usb_cam': /usr/bin/cmake /home/topi/ws/src/usb_cam -DCATKIN_INSTALL_INTO_PREFIX_ROOT=0 -DCMAKE_INSTALL_PREFIX=/home/topi/ws/install/usb_cam
[2.599s] DEBUG:colcon.colcon_core.event_handler.log_command:Invoked command in '/home/topi/ws/build/ros_ign_bridge' returned '0': CMAKE_PREFIX_PATH=${CMAKE_PREFIX_PATH}:/opt/ros/humble /usr/bin/cmake --build /home/topi/ws/build/ros_ign_bridge -- -j4 -l4
[2.630s] DEBUG:colcon.colcon_core.event_handler.log_command:Invoked command in '/home/topi/ws/build/ros_ign_gazebo' returned '0': CMAKE_PREFIX_PATH=${CMAKE_PREFIX_PATH}:/opt/ros/humble /usr/bin/cmake --build /home/topi/ws/build/ros_ign_gazebo -- -j4 -l4
[2.656s] DEBUG:colcon.colcon_core.event_handler.log_command:Invoking command in '/home/topi/ws/build/ros_ign_bridge': CMAKE_PREFIX_PATH=${CMAKE_PREFIX_PATH}:/opt/ros/humble /usr/bin/cmake --install /home/topi/ws/build/ros_ign_bridge
[2.680s] DEBUG:colcon.colcon_core.event_handler.log_command:Invoking command in '/home/topi/ws/build/ros_ign_gazebo': CMAKE_PREFIX_PATH=${CMAKE_PREFIX_PATH}:/opt/ros/humble /usr/bin/cmake --install /home/topi/ws/build/ros_ign_gazebo
[2.682s] Level 1:colcon.colcon_core.environment:create_environment_scripts_only(ros_ign_bridge)
[2.686s] DEBUG:colcon.colcon_core.event_handler.log_command:Invoked command in '/home/topi/ws/build/ros_ign_bridge' returned '0': CMAKE_PREFIX_PATH=${CMAKE_PREFIX_PATH}:/opt/ros/humble /usr/bin/cmake --install /home/topi/ws/build/ros_ign_bridge
[2.725s] Level 1:colcon.colcon_core.environment:checking '/home/topi/ws/install/ros_ign_bridge' for CMake module files
[2.727s] Level 1:colcon.colcon_core.environment:checking '/home/topi/ws/install/ros_ign_bridge' for CMake config files
[2.727s] Level 1:colcon.colcon_core.shell:create_environment_hook('ros_ign_bridge', 'cmake_prefix_path')
[2.754s] INFO:colcon.colcon_core.shell:Creating environment hook '/home/topi/ws/install/ros_ign_bridge/share/ros_ign_bridge/hook/cmake_prefix_path.ps1'
[2.755s] INFO:colcon.colcon_core.shell:Creating environment descriptor '/home/topi/ws/install/ros_ign_bridge/share/ros_ign_bridge/hook/cmake_prefix_path.dsv'
[2.756s] INFO:colcon.colcon_core.shell:Creating environment hook '/home/topi/ws/install/ros_ign_bridge/share/ros_ign_bridge/hook/cmake_prefix_path.sh'
[2.758s] Level 1:colcon.colcon_core.environment:checking '/home/topi/ws/install/ros_ign_bridge/lib'
[2.758s] Level 1:colcon.colcon_core.environment:checking '/home/topi/ws/install/ros_ign_bridge/bin'
[2.758s] Level 1:colcon.colcon_core.environment:checking '/home/topi/ws/install/ros_ign_bridge/lib/pkgconfig/ros_ign_bridge.pc'
[2.759s] Level 1:colcon.colcon_core.environment:checking '/home/topi/ws/install/ros_ign_bridge/lib/python3.10/site-packages'
[2.759s] Level 1:colcon.colcon_core.environment:checking '/home/topi/ws/install/ros_ign_bridge/bin'
[2.794s] INFO:colcon.colcon_core.shell:Creating package script '/home/topi/ws/install/ros_ign_bridge/share/ros_ign_bridge/package.ps1'
[2.796s] INFO:colcon.colcon_core.shell:Creating package descriptor '/home/topi/ws/install/ros_ign_bridge/share/ros_ign_bridge/package.dsv'
[2.796s] INFO:colcon.colcon_core.shell:Creating package script '/home/topi/ws/install/ros_ign_bridge/share/ros_ign_bridge/package.sh'
[2.797s] INFO:colcon.colcon_core.shell:Creating package script '/home/topi/ws/install/ros_ign_bridge/share/ros_ign_bridge/package.bash'
[2.798s] INFO:colcon.colcon_core.shell:Creating package script '/home/topi/ws/install/ros_ign_bridge/share/ros_ign_bridge/package.zsh'
[2.799s] Level 1:colcon.colcon_core.environment:create_file_with_runtime_dependencies(/home/topi/ws/install/ros_ign_bridge/share/colcon-core/packages/ros_ign_bridge)
[2.801s] Level 1:colcon.colcon_core.environment:create_environment_scripts_only(ros_ign_gazebo)
[2.802s] DEBUG:colcon.colcon_core.event_handler.log_command:Invoked command in '/home/topi/ws/build/ros_ign_gazebo' returned '0': CMAKE_PREFIX_PATH=${CMAKE_PREFIX_PATH}:/opt/ros/humble /usr/bin/cmake --install /home/topi/ws/build/ros_ign_gazebo
[2.842s] Level 1:colcon.colcon_core.environment:checking '/home/topi/ws/install/ros_ign_gazebo' for CMake module files
[2.843s] Level 1:colcon.colcon_core.environment:checking '/home/topi/ws/install/ros_ign_gazebo' for CMake config files
[2.843s] Level 1:colcon.colcon_core.shell:create_environment_hook('ros_ign_gazebo', 'cmake_prefix_path')
[2.867s] INFO:colcon.colcon_core.shell:Creating environment hook '/home/topi/ws/install/ros_ign_gazebo/share/ros_ign_gazebo/hook/cmake_prefix_path.ps1'
[2.868s] INFO:colcon.colcon_core.shell:Creating environment descriptor '/home/topi/ws/install/ros_ign_gazebo/share/ros_ign_gazebo/hook/cmake_prefix_path.dsv'
[2.868s] INFO:colcon.colcon_core.shell:Creating environment hook '/home/topi/ws/install/ros_ign_gazebo/share/ros_ign_gazebo/hook/cmake_prefix_path.sh'
[2.869s] Level 1:colcon.colcon_core.environment:checking '/home/topi/ws/install/ros_ign_gazebo/lib'
[2.869s] Level 1:colcon.colcon_core.environment:checking '/home/topi/ws/install/ros_ign_gazebo/bin'
[2.869s] Level 1:colcon.colcon_core.environment:checking '/home/topi/ws/install/ros_ign_gazebo/lib/pkgconfig/ros_ign_gazebo.pc'
[2.870s] Level 1:colcon.colcon_core.environment:checking '/home/topi/ws/install/ros_ign_gazebo/lib/python3.10/site-packages'
[2.870s] Level 1:colcon.colcon_core.environment:checking '/home/topi/ws/install/ros_ign_gazebo/bin'
[2.909s] INFO:colcon.colcon_core.shell:Creating package script '/home/topi/ws/install/ros_ign_gazebo/share/ros_ign_gazebo/package.ps1'
[2.909s] INFO:colcon.colcon_core.shell:Creating package descriptor '/home/topi/ws/install/ros_ign_gazebo/share/ros_ign_gazebo/package.dsv'
[2.910s] INFO:colcon.colcon_core.shell:Creating package script '/home/topi/ws/install/ros_ign_gazebo/share/ros_ign_gazebo/package.sh'
[2.910s] INFO:colcon.colcon_core.shell:Creating package script '/home/topi/ws/install/ros_ign_gazebo/share/ros_ign_gazebo/package.bash'
[2.911s] INFO:colcon.colcon_core.shell:Creating package script '/home/topi/ws/install/ros_ign_gazebo/share/ros_ign_gazebo/package.zsh'
[2.911s] Level 1:colcon.colcon_core.environment:create_file_with_runtime_dependencies(/home/topi/ws/install/ros_ign_gazebo/share/colcon-core/packages/ros_ign_gazebo)
[2.952s] Level 1:colcon.colcon_core.environment:create_environment_scripts_only(ros_ign_bridge)
[2.975s] Level 1:colcon.colcon_core.environment:checking '/home/topi/ws/install/ros_ign_bridge' for CMake module files
[2.976s] Level 1:colcon.colcon_core.environment:checking '/home/topi/ws/install/ros_ign_bridge' for CMake config files
[2.976s] Level 1:colcon.colcon_core.shell:create_environment_hook('ros_ign_bridge', 'cmake_prefix_path')
[3.001s] INFO:colcon.colcon_core.shell:Creating environment hook '/home/topi/ws/install/ros_ign_bridge/share/ros_ign_bridge/hook/cmake_prefix_path.ps1'
[3.002s] INFO:colcon.colcon_core.shell:Creating environment descriptor '/home/topi/ws/install/ros_ign_bridge/share/ros_ign_bridge/hook/cmake_prefix_path.dsv'
[3.002s] INFO:colcon.colcon_core.shell:Creating environment hook '/home/topi/ws/install/ros_ign_bridge/share/ros_ign_bridge/hook/cmake_prefix_path.sh'
[3.003s] Level 1:colcon.colcon_core.environment:checking '/home/topi/ws/install/ros_ign_bridge/lib'
[3.003s] Level 1:colcon.colcon_core.environment:checking '/home/topi/ws/install/ros_ign_bridge/bin'
[3.003s] Level 1:colcon.colcon_core.environment:checking '/home/topi/ws/install/ros_ign_bridge/lib/pkgconfig/ros_ign_bridge.pc'
[3.004s] Level 1:colcon.colcon_core.environment:checking '/home/topi/ws/install/ros_ign_bridge/lib/python3.10/site-packages'
[3.004s] Level 1:colcon.colcon_core.environment:checking '/home/topi/ws/install/ros_ign_bridge/bin'
[3.028s] INFO:colcon.colcon_core.shell:Creating package script '/home/topi/ws/install/ros_ign_bridge/share/ros_ign_bridge/package.ps1'
[3.029s] INFO:colcon.colcon_core.shell:Creating package descriptor '/home/topi/ws/install/ros_ign_bridge/share/ros_ign_bridge/package.dsv'
[3.029s] INFO:colcon.colcon_core.shell:Creating package script '/home/topi/ws/install/ros_ign_bridge/share/ros_ign_bridge/package.sh'
[3.030s] INFO:colcon.colcon_core.shell:Creating package script '/home/topi/ws/install/ros_ign_bridge/share/ros_ign_bridge/package.bash'
[3.030s] INFO:colcon.colcon_core.shell:Creating package script '/home/topi/ws/install/ros_ign_bridge/share/ros_ign_bridge/package.zsh'
[3.031s] Level 1:colcon.colcon_core.environment:create_file_with_runtime_dependencies(/home/topi/ws/install/ros_ign_bridge/share/colcon-core/packages/ros_ign_bridge)
[3.056s] Level 1:colcon.colcon_core.environment:create_environment_scripts_only(ros_ign_gazebo)
[3.079s] Level 1:colcon.colcon_core.environment:checking '/home/topi/ws/install/ros_ign_gazebo' for CMake module files
[3.080s] Level 1:colcon.colcon_core.environment:checking '/home/topi/ws/install/ros_ign_gazebo' for CMake config files
[3.080s] Level 1:colcon.colcon_core.shell:create_environment_hook('ros_ign_gazebo', 'cmake_prefix_path')
[3.102s] INFO:colcon.colcon_core.shell:Creating environment hook '/home/topi/ws/install/ros_ign_gazebo/share/ros_ign_gazebo/hook/cmake_prefix_path.ps1'
[3.103s] INFO:colcon.colcon_core.shell:Creating environment descriptor '/home/topi/ws/install/ros_ign_gazebo/share/ros_ign_gazebo/hook/cmake_prefix_path.dsv'
[3.103s] INFO:colcon.colcon_core.shell:Creating environment hook '/home/topi/ws/install/ros_ign_gazebo/share/ros_ign_gazebo/hook/cmake_prefix_path.sh'
[3.104s] Level 1:colcon.colcon_core.environment:checking '/home/topi/ws/install/ros_ign_gazebo/lib'
[3.104s] Level 1:colcon.colcon_core.environment:checking '/home/topi/ws/install/ros_ign_gazebo/bin'
[3.104s] Level 1:colcon.colcon_core.environment:checking '/home/topi/ws/install/ros_ign_gazebo/lib/pkgconfig/ros_ign_gazebo.pc'
[3.104s] Level 1:colcon.colcon_core.environment:checking '/home/topi/ws/install/ros_ign_gazebo/lib/python3.10/site-packages'
[3.104s] Level 1:colcon.colcon_core.environment:checking '/home/topi/ws/install/ros_ign_gazebo/bin'
[3.137s] INFO:colcon.colcon_core.shell:Creating package script '/home/topi/ws/install/ros_ign_gazebo/share/ros_ign_gazebo/package.ps1'
[3.138s] INFO:colcon.colcon_core.shell:Creating package descriptor '/home/topi/ws/install/ros_ign_gazebo/share/ros_ign_gazebo/package.dsv'
[3.139s] INFO:colcon.colcon_core.shell:Creating package script '/home/topi/ws/install/ros_ign_gazebo/share/ros_ign_gazebo/package.sh'
[3.140s] INFO:colcon.colcon_core.shell:Creating package script '/home/topi/ws/install/ros_ign_gazebo/share/ros_ign_gazebo/package.bash'
[3.140s] INFO:colcon.colcon_core.shell:Creating package script '/home/topi/ws/install/ros_ign_gazebo/share/ros_ign_gazebo/package.zsh'
[3.141s] Level 1:colcon.colcon_core.environment:create_file_with_runtime_dependencies(/home/topi/ws/install/ros_ign_gazebo/share/colcon-core/packages/ros_ign_gazebo)
[3.141s] INFO:colcon.colcon_ros.task.ament_cmake.build:Building ROS package in '/home/topi/ws/src/ros_ign' with build type 'ament_cmake'
[3.142s] INFO:colcon.colcon_cmake.task.cmake.build:Building CMake package in '/home/topi/ws/src/ros_ign'
[3.169s] INFO:colcon.colcon_core.shell:Skip shell extension 'powershell' for command environment: Not usable outside of PowerShell
[3.170s] DEBUG:colcon.colcon_core.shell:Skip shell extension 'dsv' for command environment
[3.251s] INFO:colcon.colcon_ros.task.ament_cmake.build:Building ROS package in '/home/topi/ws/src/walking_actor' with build type 'ament_cmake'
[3.251s] INFO:colcon.colcon_cmake.task.cmake.build:Building CMake package in '/home/topi/ws/src/walking_actor'
[3.281s] INFO:colcon.colcon_core.shell:Skip shell extension 'powershell' for command environment: Not usable outside of PowerShell
[3.281s] DEBUG:colcon.colcon_core.shell:Skip shell extension 'dsv' for command environment
[3.368s] DEBUG:colcon.colcon_core.event_handler.log_command:Invoked command in '/home/topi/ws/build/usb_cam' returned '1': /usr/bin/cmake /home/topi/ws/src/usb_cam -DCATKIN_INSTALL_INTO_PREFIX_ROOT=0 -DCMAKE_INSTALL_PREFIX=/home/topi/ws/install/usb_cam
[3.376s] DEBUG:colcon.colcon_core.event_handler.log_command:Invoking command in '/home/topi/ws/build/ros_ign': CMAKE_PREFIX_PATH=/home/topi/ws/install/ros_ign_gazebo:/home/topi/ws/install/ros_ign_bridge:/home/topi/ws/install/walking_actor:/home/topi/ws/install/ros_ign:/opt/ros/humble /usr/bin/cmake --build /home/topi/ws/build/ros_ign -- -j4 -l4
[3.382s] DEBUG:colcon.colcon_core.event_handler.log_command:Invoking command in '/home/topi/ws/build/walking_actor': CMAKE_PREFIX_PATH=/home/topi/ws/install/ros_ign_gazebo:/home/topi/ws/install/ros_ign_bridge:/home/topi/ws/install/walking_actor:/home/topi/ws/install/ros_ign:/opt/ros/humble /usr/bin/cmake --build /home/topi/ws/build/walking_actor -- -j4 -l4
[3.389s] Level 1:colcon.colcon_core.environment:create_environment_scripts_only(usb_cam)
[3.418s] Level 1:colcon.colcon_core.environment:checking '/home/topi/ws/install/usb_cam' for CMake module files
[3.418s] Level 1:colcon.colcon_core.environment:checking '/home/topi/ws/install/usb_cam' for CMake config files
[3.419s] Level 1:colcon.colcon_core.environment:checking '/home/topi/ws/install/usb_cam/bin'
[3.419s] Level 1:colcon.colcon_core.environment:checking '/home/topi/ws/install/usb_cam/lib/pkgconfig/usb_cam.pc'
[3.419s] Level 1:colcon.colcon_core.environment:checking '/home/topi/ws/install/usb_cam/lib/python3.10/site-packages'
[3.419s] Level 1:colcon.colcon_core.environment:checking '/home/topi/ws/install/usb_cam/bin'
[3.448s] INFO:colcon.colcon_core.shell:Creating package script '/home/topi/ws/install/usb_cam/share/usb_cam/package.ps1'
[3.448s] INFO:colcon.colcon_core.shell:Creating package descriptor '/home/topi/ws/install/usb_cam/share/usb_cam/package.dsv'
[3.448s] INFO:colcon.colcon_core.shell:Creating package script '/home/topi/ws/install/usb_cam/share/usb_cam/package.sh'
[3.449s] INFO:colcon.colcon_core.shell:Creating package script '/home/topi/ws/install/usb_cam/share/usb_cam/package.bash'
[3.449s] INFO:colcon.colcon_core.shell:Creating package script '/home/topi/ws/install/usb_cam/share/usb_cam/package.zsh'
[3.449s] Level 1:colcon.colcon_core.environment:create_file_with_runtime_dependencies(/home/topi/ws/install/usb_cam/share/colcon-core/packages/usb_cam)
[3.461s] DEBUG:colcon.colcon_parallel_executor.executor.parallel:closing loop
[3.461s] DEBUG:colcon.colcon_parallel_executor.executor.parallel:loop closed
[3.461s] DEBUG:colcon.colcon_parallel_executor.executor.parallel:run_until_complete finished with '1'
[3.461s] DEBUG:colcon.colcon_core.event_reactor:joining thread
[3.494s] INFO:colcon.colcon_core.plugin_system:Skipping extension 'colcon_notification.desktop_notification.terminal_notifier': Not used on non-Darwin systems
[3.494s] INFO:colcon.colcon_core.plugin_system:Skipping extension 'colcon_notification.desktop_notification.win32': Not used on non-Windows systems
[3.494s] INFO:colcon.colcon_notification.desktop_notification:Sending desktop notification using 'notify2'
[3.508s] DEBUG:colcon.colcon_core.event_reactor:joined thread
[3.540s] INFO:colcon.colcon_core.shell:Creating prefix script '/home/topi/ws/install/local_setup.ps1'
[3.542s] INFO:colcon.colcon_core.shell:Creating prefix util module '/home/topi/ws/install/_local_setup_util_ps1.py'
[3.544s] INFO:colcon.colcon_core.shell:Creating prefix chain script '/home/topi/ws/install/setup.ps1'
[3.587s] INFO:colcon.colcon_core.shell:Creating prefix script '/home/topi/ws/install/local_setup.sh'
[3.588s] INFO:colcon.colcon_core.shell:Creating prefix util module '/home/topi/ws/install/_local_setup_util_sh.py'
[3.588s] INFO:colcon.colcon_core.shell:Creating prefix chain script '/home/topi/ws/install/setup.sh'
[3.614s] INFO:colcon.colcon_core.shell:Creating prefix script '/home/topi/ws/install/local_setup.bash'
[3.614s] INFO:colcon.colcon_core.shell:Creating prefix chain script '/home/topi/ws/install/setup.bash'
[3.640s] INFO:colcon.colcon_core.shell:Creating prefix script '/home/topi/ws/install/local_setup.zsh'
[3.640s] INFO:colcon.colcon_core.shell:Creating prefix chain script '/home/topi/ws/install/setup.zsh'
